<?xml version="1.0" encoding="UTF-8"?>
<!-- Generated by org.testng.reporters.JUnitXMLReporter -->
<testsuite ignored="0" hostname="Jack" failures="3" tests="35" name="All Tests" time="115.388" errors="0" timestamp="2026-04-26T11:44:01 IDT">
  <testcase classname="tests.LoginTests" name="atc001_loginWithLockedOutUser" time="0.592">
    <failure type="java.lang.AssertionError" message="Expected error message according to spreadsheet not found. Actual: Epic sadface: Sorry, this user has been locked out. expected [true] but found [false]">
      <![CDATA[java.lang.AssertionError: Expected error message according to spreadsheet not found. Actual: Epic sadface: Sorry, this user has been locked out. expected [true] but found [false]
at tests.LoginTests.atc001_loginWithLockedOutUser(LoginTests.java:16)
at java.base/java.util.ArrayList.forEach(ArrayList.java:1604)
... Removed 32 stack frames]]>
    </failure>
  </testcase> <!-- atc001_loginWithLockedOutUser -->
  <testcase classname="tests.LoginTests" name="atc002_emptyFields" time="0.518"/>
  <testcase classname="tests.LoginTests" name="atc003_invalidUsername" time="0.482"/>
  <testcase classname="tests.LoginTests" name="atc004_invalidPassword" time="0.602"/>
  <testcase classname="tests.LoginTests" name="atc005_successfulLogin" time="0.478"/>
  <testcase classname="tests.InventoryTests" name="atc001_displayOfAllProducts" time="0.225"/>
  <testcase classname="tests.InventoryTests" name="atc002_addToCartButton" time="0.372"/>
  <testcase classname="tests.InventoryTests" name="atc003_removeFromCart" time="0.66"/>
  <testcase classname="tests.InventoryTests" name="atc004_sortProducts" time="0.366"/>
  <testcase classname="tests.ProductTest" name="atc001_openProductDetails" time="0.257"/>
  <testcase classname="tests.ProductTest" name="atc002_addAndRemoveItemFromCart" time="0.443"/>
  <testcase classname="tests.ProductTest" name="atc003_navigateBackToProducts" time="0.443"/>
  <testcase classname="tests.CheckoutTests" name="atc001_completeOrder1Item" time="1.127"/>
  <testcase classname="tests.CheckoutTests" name="atc002_checkoutValidationEmpty" time="0.505"/>
  <testcase classname="tests.CheckoutTests" name="atc003_removeProductAndContinueShopping" time="0.618"/>
  <testcase classname="tests.CheckoutTests" name="atc004_completeOrder2Items" time="1.126"/>
  <testcase classname="tests.CheckoutTests" name="atc005_checkoutValidationMissingLastName" time="0.711"/>
  <testcase classname="tests.CheckoutTests" name="atc006_checkoutValidationMissingPostalCode" time="0.649"/>
  <testcase classname="tests.CheckoutTests" name="atc007_checkoutStepOneCancel" time="0.448"/>
  <testcase classname="tests.CheckoutTests" name="atc008_checkoutOverviewCancel" time="1.17"/>
  <testcase classname="tests.CheckoutTests" name="atc009_checkoutOverviewVerifyMath3Items" time="1.203"/>
  <testcase classname="tests.CheckoutTests" name="atc010_finishOrderClearsCart" time="1.005"/>
  <testcase classname="tests.CheckoutTests" name="atc011_cannotSkipStepOne" time="0.351">
    <failure type="java.lang.AssertionError" message="User is blocked from Overview expected [true] but found [false]">
      <![CDATA[java.lang.AssertionError: User is blocked from Overview expected [true] but found [false]
at tests.CheckoutTests.atc011_cannotSkipStepOne(CheckoutTests.java:191)
at java.base/java.util.ArrayList.forEach(ArrayList.java:1604)
... Removed 32 stack frames]]>
    </failure>
  </testcase> <!-- atc011_cannotSkipStepOne -->
  <testcase classname="tests.MenuTests" name="menu001_openBurgerMenu" time="0.639"/>
  <testcase classname="tests.MenuTests" name="menu002_closeBurgerMenuWithX" time="1.323"/>
  <testcase classname="tests.MenuTests" name="menu003_openCartFromHeaderIcon" time="0.177"/>
  <testcase classname="tests.MenuTests" name="menu004_allItemsReturnsToInventory" time="0.919"/>
  <testcase classname="tests.MenuTests" name="menu005_logout" time="0.797"/>
  <testcase classname="tests.MenuTests" name="menu006_resetAppStateClearsCart" time="1.526"/>
  <testcase classname="tests.MenuTests" name="menu007_resetAppStateKeepsUserLoggedIn" time="1.465"/>
  <testcase classname="tests.MenuTests" name="menu008_resetAppStateResetsButtons" time="1.856">
    <failure type="java.lang.AssertionError" message="Product&amp;apos;s button changes back to Add to cart expected [Add to cart] but found [Remove]">
      <![CDATA[java.lang.AssertionError: Product's button changes back to Add to cart expected [Add to cart] but found [Remove]
at tests.MenuTests.menu008_resetAppStateResetsButtons(MenuTests.java:89)
at java.base/java.util.ArrayList.forEach(ArrayList.java:1604)
... Removed 34 stack frames]]>
    </failure>
  </testcase> <!-- menu008_resetAppStateResetsButtons -->
  <testcase classname="tests.MenuTests" name="menu009_aboutLinkOpensSauceLabs" time="4.171"/>
  <testcase classname="tests.MenuTests" name="menu010_menuOpenCloseDoesNotBreakActions" time="1.41"/>
  <testcase classname="tests.MenuTests" name="menu011_menuWorksOnCartPage" time="0.927"/>
  <testcase classname="tests.MenuTests" name="menu012_menuWorksOnProductDetailsPage" time="1.052"/>
</testsuite> <!-- All Tests -->
