<?xml version="1.0" encoding="UTF-8"?>
<!-- Generated by org.testng.reporters.JUnitReportReporter -->
<testsuite hostname="Jack" failures="0" tests="4" name="tests.InventoryTests" time="7.449" errors="0" timestamp="2025-09-23T13:09:41 IDT" skipped="0">
  <testcase classname="tests.InventoryTests" name="atc003_addToCart" time="1.915"/>
  <system-out/>
  <testcase classname="tests.InventoryTests" name="atc001_inventoryPageloads" time="3.550"/>
  <system-out/>
  <testcase classname="tests.InventoryTests" name="atc002_productSorting" time="0.119"/>
  <system-out/>
  <testcase classname="tests.InventoryTests" name="atc004_removeFromCart" time="1.865"/>
  <system-out/>
</testsuite> <!-- tests.InventoryTests -->
