<?xml version="1.0" encoding="UTF-8"?>
<!-- Generated by org.testng.reporters.JUnitReportReporter -->
<testsuite hostname="Jack" failures="0" tests="3" name="tests.ProductTest" time="8.876" errors="0" timestamp="2026-04-26T11:44:01 IDT" skipped="0">
  <testcase classname="tests.ProductTest" name="atc001_openProductDetails" time="2.449"/>
  <system-out/>
  <testcase classname="tests.ProductTest" name="atc002_addAndRemoveItemFromCart" time="3.793"/>
  <system-out/>
  <testcase classname="tests.ProductTest" name="atc003_navigateBackToProducts" time="2.634"/>
  <system-out/>
</testsuite> <!-- tests.ProductTest -->
