<?xml version="1.0" encoding="UTF-8"?>
<!-- Generated by org.testng.reporters.JUnitReportReporter -->
<testsuite hostname="Jack" failures="0" tests="4" name="tests.InventoryTests" time="10.784" errors="0" timestamp="2026-04-26T11:44:01 IDT" skipped="0">
  <testcase classname="tests.InventoryTests" name="atc004_sortProducts" time="2.583"/>
  <system-out/>
  <testcase classname="tests.InventoryTests" name="atc003_removeFromCart" time="2.987"/>
  <system-out/>
  <testcase classname="tests.InventoryTests" name="atc002_addToCartButton" time="2.713"/>
  <system-out/>
  <testcase classname="tests.InventoryTests" name="atc001_displayOfAllProducts" time="2.501"/>
  <system-out/>
</testsuite> <!-- tests.InventoryTests -->
