<?xml version="1.0" encoding="UTF-8"?>
<!-- Generated by org.testng.reporters.JUnitReportReporter -->
<testsuite hostname="Jack" failures="1" tests="11" name="tests.CheckoutTests" time="34.678" errors="0" timestamp="2026-04-26T11:44:01 IDT" skipped="0">
  <testcase classname="tests.CheckoutTests" name="atc011_cannotSkipStepOne" time="2.687">
    <failure message="User is blocked from Overview expected [true] but found [false]" type="java.lang.AssertionError">
      <![CDATA[java.lang.AssertionError: User is blocked from Overview expected [true] but found [false]
at org.testng.Assert.fail(Assert.java:99)
at org.testng.Assert.failNotEquals(Assert.java:1037)
at org.testng.Assert.assertTrue(Assert.java:45)
at tests.CheckoutTests.atc011_cannotSkipStepOne(CheckoutTests.java:191)
at java.base/jdk.internal.reflect.DirectMethodHandleAccessor.invoke(DirectMethodHandleAccessor.java:104)
at java.base/java.lang.reflect.Method.invoke(Method.java:565)
at org.testng.internal.MethodInvocationHelper.invokeMethod(MethodInvocationHelper.java:132)
at org.testng.internal.TestInvoker.invokeMethod(TestInvoker.java:599)
at org.testng.internal.TestInvoker.invokeTestMethod(TestInvoker.java:174)
at org.testng.internal.MethodRunner.runInSequence(MethodRunner.java:46)
at org.testng.internal.TestInvoker$MethodInvocationAgent.invoke(TestInvoker.java:822)
at org.testng.internal.TestInvoker.invokeTestMethods(TestInvoker.java:147)
at org.testng.internal.TestMethodWorker.invokeTestMethods(TestMethodWorker.java:146)
at org.testng.internal.TestMethodWorker.run(TestMethodWorker.java:128)
at java.base/java.util.ArrayList.forEach(ArrayList.java:1604)
at org.testng.TestRunner.privateRun(TestRunner.java:764)
at org.testng.TestRunner.run(TestRunner.java:585)
at org.testng.SuiteRunner.runTest(SuiteRunner.java:384)
at org.testng.SuiteRunner.runSequentially(SuiteRunner.java:378)
at org.testng.SuiteRunner.privateRun(SuiteRunner.java:337)
at org.testng.SuiteRunner.run(SuiteRunner.java:286)
at org.testng.SuiteRunnerWorker.runSuite(SuiteRunnerWorker.java:53)
at org.testng.SuiteRunnerWorker.run(SuiteRunnerWorker.java:96)
at org.testng.TestNG.runSuitesSequentially(TestNG.java:1218)
at org.testng.TestNG.runSuitesLocally(TestNG.java:1140)
at org.testng.TestNG.runSuites(TestNG.java:1069)
at org.testng.TestNG.run(TestNG.java:1037)
at org.apache.maven.surefire.testng.TestNGExecutor.run(TestNGExecutor.java:308)
at org.apache.maven.surefire.testng.TestNGXmlTestSuite.execute(TestNGXmlTestSuite.java:71)
at org.apache.maven.surefire.testng.TestNGProvider.invoke(TestNGProvider.java:113)
at org.apache.maven.surefire.booter.ForkedBooter.runSuitesInProcess(ForkedBooter.java:385)
at org.apache.maven.surefire.booter.ForkedBooter.execute(ForkedBooter.java:162)
at org.apache.maven.surefire.booter.ForkedBooter.run(ForkedBooter.java:507)
at org.apache.maven.surefire.booter.ForkedBooter.main(ForkedBooter.java:495)
]]>
    </failure>
  </testcase> <!-- atc011_cannotSkipStepOne -->
  <system-out/>
  <testcase classname="tests.CheckoutTests" name="atc008_checkoutOverviewCancel" time="3.364"/>
  <system-out/>
  <testcase classname="tests.CheckoutTests" name="atc007_checkoutStepOneCancel" time="3.038"/>
  <system-out/>
  <testcase classname="tests.CheckoutTests" name="atc006_checkoutValidationMissingPostalCode" time="2.862"/>
  <system-out/>
  <testcase classname="tests.CheckoutTests" name="atc010_finishOrderClearsCart" time="3.389"/>
  <system-out/>
  <testcase classname="tests.CheckoutTests" name="atc004_completeOrder2Items" time="3.776"/>
  <system-out/>
  <testcase classname="tests.CheckoutTests" name="atc003_removeProductAndContinueShopping" time="2.867"/>
  <system-out/>
  <testcase classname="tests.CheckoutTests" name="atc001_completeOrder1Item" time="3.371"/>
  <system-out/>
  <testcase classname="tests.CheckoutTests" name="atc009_checkoutOverviewVerifyMath3Items" time="4.068"/>
  <system-out/>
  <testcase classname="tests.CheckoutTests" name="atc002_checkoutValidationEmpty" time="2.270"/>
  <system-out/>
  <testcase classname="tests.CheckoutTests" name="atc005_checkoutValidationMissingLastName" time="2.986"/>
  <system-out/>
</testsuite> <!-- tests.CheckoutTests -->
