<?xml version="1.0" encoding="UTF-8"?>
<!-- Generated by org.testng.reporters.JUnitReportReporter -->
<testsuite hostname="Jack" failures="1" tests="12" name="tests.MenuTests" time="44.263" errors="0" timestamp="2026-04-26T11:44:01 IDT" skipped="0">
  <testcase classname="tests.MenuTests" name="menu011_menuWorksOnCartPage" time="3.312"/>
  <system-out/>
  <testcase classname="tests.MenuTests" name="menu007_resetAppStateKeepsUserLoggedIn" time="3.748"/>
  <system-out/>
  <testcase classname="tests.MenuTests" name="menu002_closeBurgerMenuWithX" time="3.599"/>
  <system-out/>
  <testcase classname="tests.MenuTests" name="menu012_menuWorksOnProductDetailsPage" time="3.486"/>
  <system-out/>
  <testcase classname="tests.MenuTests" name="menu009_aboutLinkOpensSauceLabs" time="6.652"/>
  <system-out/>
  <testcase classname="tests.MenuTests" name="menu003_openCartFromHeaderIcon" time="2.840"/>
  <system-out/>
  <testcase classname="tests.MenuTests" name="menu006_resetAppStateClearsCart" time="3.707"/>
  <system-out/>
  <testcase classname="tests.MenuTests" name="menu010_menuOpenCloseDoesNotBreakActions" time="3.816"/>
  <system-out/>
  <testcase classname="tests.MenuTests" name="menu001_openBurgerMenu" time="2.955"/>
  <system-out/>
  <testcase classname="tests.MenuTests" name="menu004_allItemsReturnsToInventory" time="3.042"/>
  <system-out/>
  <testcase classname="tests.MenuTests" name="menu005_logout" time="2.870"/>
  <system-out/>
  <testcase classname="tests.MenuTests" name="menu008_resetAppStateResetsButtons" time="4.236">
    <failure message="Product&#039;s button changes back to Add to cart expected [Add to cart] but found [Remove]" type="java.lang.AssertionError">
      <![CDATA[java.lang.AssertionError: Product's button changes back to Add to cart expected [Add to cart] but found [Remove]
at org.testng.Assert.fail(Assert.java:99)
at org.testng.Assert.failNotEquals(Assert.java:1037)
at org.testng.Assert.assertEqualsImpl(Assert.java:140)
at org.testng.Assert.assertEquals(Assert.java:122)
at org.testng.Assert.assertEquals(Assert.java:629)
at tests.MenuTests.menu008_resetAppStateResetsButtons(MenuTests.java:89)
at java.base/jdk.internal.reflect.DirectMethodHandleAccessor.invoke(DirectMethodHandleAccessor.java:104)
at java.base/java.lang.reflect.Method.invoke(Method.java:565)
at org.testng.internal.MethodInvocationHelper.invokeMethod(MethodInvocationHelper.java:132)
at org.testng.internal.TestInvoker.invokeMethod(TestInvoker.java:599)
at org.testng.internal.TestInvoker.invokeTestMethod(TestInvoker.java:174)
at org.testng.internal.MethodRunner.runInSequence(MethodRunner.java:46)
at org.testng.internal.TestInvoker$MethodInvocationAgent.invoke(TestInvoker.java:822)
at org.testng.internal.TestInvoker.invokeTestMethods(TestInvoker.java:147)
at org.testng.internal.TestMethodWorker.invokeTestMethods(TestMethodWorker.java:146)
at org.testng.internal.TestMethodWorker.run(TestMethodWorker.java:128)
at java.base/java.util.ArrayList.forEach(ArrayList.java:1604)
at org.testng.TestRunner.privateRun(TestRunner.java:764)
at org.testng.TestRunner.run(TestRunner.java:585)
at org.testng.SuiteRunner.runTest(SuiteRunner.java:384)
at org.testng.SuiteRunner.runSequentially(SuiteRunner.java:378)
at org.testng.SuiteRunner.privateRun(SuiteRunner.java:337)
at org.testng.SuiteRunner.run(SuiteRunner.java:286)
at org.testng.SuiteRunnerWorker.runSuite(SuiteRunnerWorker.java:53)
at org.testng.SuiteRunnerWorker.run(SuiteRunnerWorker.java:96)
at org.testng.TestNG.runSuitesSequentially(TestNG.java:1218)
at org.testng.TestNG.runSuitesLocally(TestNG.java:1140)
at org.testng.TestNG.runSuites(TestNG.java:1069)
at org.testng.TestNG.run(TestNG.java:1037)
at org.apache.maven.surefire.testng.TestNGExecutor.run(TestNGExecutor.java:308)
at org.apache.maven.surefire.testng.TestNGXmlTestSuite.execute(TestNGXmlTestSuite.java:71)
at org.apache.maven.surefire.testng.TestNGProvider.invoke(TestNGProvider.java:113)
at org.apache.maven.surefire.booter.ForkedBooter.runSuitesInProcess(ForkedBooter.java:385)
at org.apache.maven.surefire.booter.ForkedBooter.execute(ForkedBooter.java:162)
at org.apache.maven.surefire.booter.ForkedBooter.run(ForkedBooter.java:507)
at org.apache.maven.surefire.booter.ForkedBooter.main(ForkedBooter.java:495)
]]>
    </failure>
  </testcase> <!-- menu008_resetAppStateResetsButtons -->
  <system-out/>
</testsuite> <!-- tests.MenuTests -->
